d:\git\ajj rogueish\ajj-rogueish\rogueish\rogueish\debug\vc140.pdb
d:\git\ajj rogueish\ajj-rogueish\rogueish\rogueish\debug\vc140.idb
d:\git\ajj rogueish\ajj-rogueish\rogueish\rogueish\debug\event.obj
d:\git\ajj rogueish\ajj-rogueish\rogueish\rogueish\debug\main.obj
d:\git\ajj rogueish\ajj-rogueish\rogueish\rogueish\debug\mcqs.obj
d:\git\ajj rogueish\ajj-rogueish\rogueish\rogueish\debug\plch.obj
d:\git\ajj rogueish\ajj-rogueish\rogueish\rogueish\debug\rogueish.obj
d:\git\ajj rogueish\ajj-rogueish\rogueish\rogueish\debug\story.obj
d:\git\ajj rogueish\ajj-rogueish\rogueish\debug\rogueish.pdb
d:\git\ajj rogueish\ajj-rogueish\rogueish\rogueish\debug\rogueish.tlog\cl.command.1.tlog
d:\git\ajj rogueish\ajj-rogueish\rogueish\rogueish\debug\rogueish.tlog\cl.read.1.tlog
d:\git\ajj rogueish\ajj-rogueish\rogueish\rogueish\debug\rogueish.tlog\cl.write.1.tlog
d:\git\ajj rogueish\ajj-rogueish\rogueish\rogueish\debug\rogueish.tlog\link-cvtres.read.1.tlog
d:\git\ajj rogueish\ajj-rogueish\rogueish\rogueish\debug\rogueish.tlog\link-cvtres.write.1.tlog
d:\git\ajj rogueish\ajj-rogueish\rogueish\rogueish\debug\rogueish.tlog\link-rc.read.1.tlog
d:\git\ajj rogueish\ajj-rogueish\rogueish\rogueish\debug\rogueish.tlog\link-rc.write.1.tlog
d:\git\ajj rogueish\ajj-rogueish\rogueish\rogueish\debug\rogueish.tlog\link.896-cvtres.read.1.tlog
d:\git\ajj rogueish\ajj-rogueish\rogueish\rogueish\debug\rogueish.tlog\link.896-cvtres.write.1.tlog
d:\git\ajj rogueish\ajj-rogueish\rogueish\rogueish\debug\rogueish.tlog\link.896-rc.read.1.tlog
d:\git\ajj rogueish\ajj-rogueish\rogueish\rogueish\debug\rogueish.tlog\link.896-rc.write.1.tlog
d:\git\ajj rogueish\ajj-rogueish\rogueish\rogueish\debug\rogueish.tlog\link.896.read.1.tlog
d:\git\ajj rogueish\ajj-rogueish\rogueish\rogueish\debug\rogueish.tlog\link.896.write.1.tlog
d:\git\ajj rogueish\ajj-rogueish\rogueish\rogueish\debug\rogueish.tlog\link.command.1.tlog
d:\git\ajj rogueish\ajj-rogueish\rogueish\rogueish\debug\rogueish.tlog\link.read.1.tlog
d:\git\ajj rogueish\ajj-rogueish\rogueish\rogueish\debug\rogueish.tlog\link.write.1.tlog
